2025-04-15 14:39:17 [restartedMain] INFO  c.e.b.BasicSampleSiteApplication - Starting BasicSampleSiteApplication using Java 17 with PID 28256 (C:\devIntelliJ\basicSampleSite\build\classes\java\main started by jan1024 in C:\devIntelliJ\basicSampleSite)
2025-04-15 14:39:17 [restartedMain] DEBUG c.e.b.BasicSampleSiteApplication - Running with Spring Boot v3.3.4, Spring v6.1.13
2025-04-15 14:39:17 [restartedMain] INFO  c.e.b.BasicSampleSiteApplication - No active profile set, falling back to 1 default profile: "default"
2025-04-15 14:39:17 [restartedMain] INFO  o.s.b.d.e.DevToolsPropertyDefaultsPostProcessor - Devtools property defaults active! Set 'spring.devtools.add-properties' to 'false' to disable
2025-04-15 14:39:17 [restartedMain] INFO  o.s.b.d.e.DevToolsPropertyDefaultsPostProcessor - For additional web related logging consider setting the 'logging.level.web' property to 'DEBUG'
2025-04-15 14:39:18 [restartedMain] INFO  o.s.b.w.e.tomcat.TomcatWebServer - Tomcat initialized with port 8080 (http)
2025-04-15 14:39:18 [restartedMain] INFO  o.a.catalina.core.StandardService - Starting service [Tomcat]
2025-04-15 14:39:18 [restartedMain] INFO  o.a.catalina.core.StandardEngine - Starting Servlet engine: [Apache Tomcat/10.1.30]
2025-04-15 14:39:18 [restartedMain] INFO  o.a.c.c.C.[Tomcat].[localhost].[/] - Initializing Spring embedded WebApplicationContext
2025-04-15 14:39:18 [restartedMain] INFO  o.s.b.w.s.c.ServletWebServerApplicationContext - Root WebApplicationContext: initialization completed in 801 ms
2025-04-15 14:39:18 [restartedMain] INFO  o.s.b.d.a.OptionalLiveReloadServer - LiveReload server is running on port 35729
2025-04-15 14:39:18 [restartedMain] INFO  o.s.b.w.e.tomcat.TomcatWebServer - Tomcat started on port 8080 (http) with context path '/'
2025-04-15 14:39:18 [restartedMain] INFO  c.e.b.BasicSampleSiteApplication - Started BasicSampleSiteApplication in 1.686 seconds (process running for 2.275)
2025-04-15 14:49:48 [restartedMain] INFO  c.e.b.BasicSampleSiteApplication - Starting BasicSampleSiteApplication using Java 17 with PID 29320 (C:\devIntelliJ\basicSampleSite\build\classes\java\main started by jan1024 in C:\devIntelliJ\basicSampleSite)
2025-04-15 14:49:48 [restartedMain] DEBUG c.e.b.BasicSampleSiteApplication - Running with Spring Boot v3.3.4, Spring v6.1.13
2025-04-15 14:49:48 [restartedMain] INFO  c.e.b.BasicSampleSiteApplication - No active profile set, falling back to 1 default profile: "default"
2025-04-15 14:49:49 [restartedMain] INFO  o.s.b.d.e.DevToolsPropertyDefaultsPostProcessor - Devtools property defaults active! Set 'spring.devtools.add-properties' to 'false' to disable
2025-04-15 14:49:49 [restartedMain] INFO  o.s.b.d.e.DevToolsPropertyDefaultsPostProcessor - For additional web related logging consider setting the 'logging.level.web' property to 'DEBUG'
2025-04-15 14:49:49 [restartedMain] INFO  o.s.b.w.e.tomcat.TomcatWebServer - Tomcat initialized with port 8080 (http)
2025-04-15 14:49:49 [restartedMain] INFO  o.a.catalina.core.StandardService - Starting service [Tomcat]
2025-04-15 14:49:49 [restartedMain] INFO  o.a.catalina.core.StandardEngine - Starting Servlet engine: [Apache Tomcat/10.1.30]
2025-04-15 14:49:49 [restartedMain] INFO  o.a.c.c.C.[Tomcat].[localhost].[/] - Initializing Spring embedded WebApplicationContext
2025-04-15 14:49:49 [restartedMain] INFO  o.s.b.w.s.c.ServletWebServerApplicationContext - Root WebApplicationContext: initialization completed in 842 ms
2025-04-15 14:49:50 [restartedMain] INFO  o.s.b.d.a.OptionalLiveReloadServer - LiveReload server is running on port 35729
2025-04-15 14:49:50 [restartedMain] INFO  o.s.b.w.e.tomcat.TomcatWebServer - Tomcat started on port 8080 (http) with context path '/'
2025-04-15 14:49:50 [restartedMain] INFO  c.e.b.BasicSampleSiteApplication - Started BasicSampleSiteApplication in 1.622 seconds (process running for 2.712)
2025-04-15 14:55:40 [http-nio-8080-exec-1] INFO  o.a.c.c.C.[Tomcat].[localhost].[/] - Initializing Spring DispatcherServlet 'dispatcherServlet'
2025-04-15 14:55:40 [http-nio-8080-exec-1] INFO  o.s.web.servlet.DispatcherServlet - Initializing Servlet 'dispatcherServlet'
2025-04-15 14:55:40 [http-nio-8080-exec-1] INFO  o.s.web.servlet.DispatcherServlet - Completed initialization in 1 ms
2025-04-15 14:56:11 [restartedMain] INFO  c.e.b.BasicSampleSiteApplication - Starting BasicSampleSiteApplication using Java 17 with PID 18596 (C:\devIntelliJ\basicSampleSite\build\classes\java\main started by jan1024 in C:\devIntelliJ\basicSampleSite)
2025-04-15 14:56:11 [restartedMain] DEBUG c.e.b.BasicSampleSiteApplication - Running with Spring Boot v3.3.4, Spring v6.1.13
2025-04-15 14:56:11 [restartedMain] INFO  c.e.b.BasicSampleSiteApplication - No active profile set, falling back to 1 default profile: "default"
2025-04-15 14:56:11 [restartedMain] INFO  o.s.b.d.e.DevToolsPropertyDefaultsPostProcessor - Devtools property defaults active! Set 'spring.devtools.add-properties' to 'false' to disable
2025-04-15 14:56:11 [restartedMain] INFO  o.s.b.d.e.DevToolsPropertyDefaultsPostProcessor - For additional web related logging consider setting the 'logging.level.web' property to 'DEBUG'
2025-04-15 14:56:12 [restartedMain] INFO  o.s.b.w.e.tomcat.TomcatWebServer - Tomcat initialized with port 8080 (http)
2025-04-15 14:56:12 [restartedMain] INFO  o.a.catalina.core.StandardService - Starting service [Tomcat]
2025-04-15 14:56:12 [restartedMain] INFO  o.a.catalina.core.StandardEngine - Starting Servlet engine: [Apache Tomcat/10.1.30]
2025-04-15 14:56:12 [restartedMain] INFO  o.a.c.c.C.[Tomcat].[localhost].[/] - Initializing Spring embedded WebApplicationContext
2025-04-15 14:56:12 [restartedMain] INFO  o.s.b.w.s.c.ServletWebServerApplicationContext - Root WebApplicationContext: initialization completed in 872 ms
2025-04-15 14:56:12 [restartedMain] INFO  o.s.b.d.a.OptionalLiveReloadServer - LiveReload server is running on port 35729
2025-04-15 14:56:13 [restartedMain] INFO  o.s.b.w.e.tomcat.TomcatWebServer - Tomcat started on port 8080 (http) with context path '/'
2025-04-15 14:56:13 [restartedMain] INFO  c.e.b.BasicSampleSiteApplication - Started BasicSampleSiteApplication in 1.708 seconds (process running for 2.388)
2025-04-15 14:58:11 [http-nio-8080-exec-1] INFO  o.a.c.c.C.[Tomcat].[localhost].[/] - Initializing Spring DispatcherServlet 'dispatcherServlet'
2025-04-15 14:58:11 [http-nio-8080-exec-1] INFO  o.s.web.servlet.DispatcherServlet - Initializing Servlet 'dispatcherServlet'
2025-04-15 14:58:11 [http-nio-8080-exec-1] INFO  o.s.web.servlet.DispatcherServlet - Completed initialization in 0 ms
